<?xml version="1.0" encoding="UTF-8"?>
<coverage generated="1701985548754" clover="3.2.0">
  <project timestamp="1701985548754" name="All files">
    <metrics statements="118" coveredstatements="118" conditionals="22" coveredconditionals="20" methods="35" coveredmethods="33" elements="175" coveredelements="171" complexity="0" loc="118" ncloc="118" packages="1" files="5" classes="5"/>
    <file name="Product.js" path="/home/emilly.costa/Documentos/Reprograma/Businesswoman-connects/src/Product.js">
      <metrics statements="36" coveredstatements="36" conditionals="8" coveredconditionals="7" methods="13" coveredmethods="12"/>
      <line num="1" count="2" type="stmt"/>
      <line num="9" count="2" type="stmt"/>
      <line num="10" count="13" type="stmt"/>
      <line num="13" count="13" type="cond" truecount="2" falsecount="0"/>
      <line num="14" count="12" type="stmt"/>
      <line num="15" count="12" type="stmt"/>
      <line num="16" count="12" type="stmt"/>
      <line num="17" count="12" type="stmt"/>
      <line num="18" count="12" type="stmt"/>
      <line num="19" count="12" type="stmt"/>
      <line num="21" count="1" type="stmt"/>
      <line num="26" count="8" type="stmt"/>
      <line num="27" count="3" type="stmt"/>
      <line num="30" count="8" type="cond" truecount="2" falsecount="0"/>
      <line num="31" count="7" type="stmt"/>
      <line num="32" count="7" type="stmt"/>
      <line num="33" count="7" type="stmt"/>
      <line num="34" count="7" type="stmt"/>
      <line num="36" count="7" type="stmt"/>
      <line num="38" count="7" type="stmt"/>
      <line num="40" count="1" type="stmt"/>
      <line num="45" count="2" type="stmt"/>
      <line num="46" count="3" type="stmt"/>
      <line num="53" count="3" type="cond" truecount="1" falsecount="1"/>
      <line num="57" count="3" type="stmt"/>
      <line num="65" count="2" type="stmt"/>
      <line num="66" count="1" type="stmt"/>
      <line num="70" count="2" type="stmt"/>
      <line num="71" count="1" type="stmt"/>
      <line num="75" count="6" type="stmt"/>
      <line num="79" count="2" type="cond" truecount="2" falsecount="0"/>
      <line num="80" count="1" type="stmt"/>
      <line num="83" count="1" type="stmt"/>
      <line num="84" count="2" type="stmt"/>
      <line num="87" count="1" type="stmt"/>
      <line num="91" count="2" type="stmt"/>
    </file>
    <file name="ProductReview.js" path="/home/emilly.costa/Documentos/Reprograma/Businesswoman-connects/src/ProductReview.js">
      <metrics statements="13" coveredstatements="13" conditionals="2" coveredconditionals="2" methods="2" coveredmethods="2"/>
      <line num="1" count="1" type="stmt"/>
      <line num="4" count="1" type="stmt"/>
      <line num="7" count="4" type="stmt"/>
      <line num="8" count="4" type="stmt"/>
      <line num="9" count="4" type="stmt"/>
      <line num="11" count="4" type="cond" truecount="2" falsecount="0"/>
      <line num="12" count="3" type="stmt"/>
      <line num="13" count="3" type="stmt"/>
      <line num="15" count="1" type="stmt"/>
      <line num="18" count="3" type="stmt"/>
      <line num="19" count="3" type="stmt"/>
      <line num="23" count="1" type="stmt"/>
      <line num="27" count="1" type="stmt"/>
    </file>
    <file name="Service.js" path="/home/emilly.costa/Documentos/Reprograma/Businesswoman-connects/src/Service.js">
      <metrics statements="36" coveredstatements="36" conditionals="8" coveredconditionals="7" methods="13" coveredmethods="12"/>
      <line num="1" count="2" type="stmt"/>
      <line num="9" count="2" type="stmt"/>
      <line num="10" count="13" type="stmt"/>
      <line num="13" count="13" type="cond" truecount="2" falsecount="0"/>
      <line num="14" count="12" type="stmt"/>
      <line num="15" count="12" type="stmt"/>
      <line num="16" count="12" type="stmt"/>
      <line num="17" count="12" type="stmt"/>
      <line num="18" count="12" type="stmt"/>
      <line num="19" count="12" type="stmt"/>
      <line num="21" count="1" type="stmt"/>
      <line num="26" count="8" type="stmt"/>
      <line num="27" count="3" type="stmt"/>
      <line num="30" count="8" type="cond" truecount="2" falsecount="0"/>
      <line num="31" count="7" type="stmt"/>
      <line num="32" count="7" type="stmt"/>
      <line num="33" count="7" type="stmt"/>
      <line num="34" count="7" type="stmt"/>
      <line num="36" count="7" type="stmt"/>
      <line num="38" count="7" type="stmt"/>
      <line num="40" count="1" type="stmt"/>
      <line num="45" count="2" type="stmt"/>
      <line num="46" count="3" type="stmt"/>
      <line num="53" count="3" type="cond" truecount="1" falsecount="1"/>
      <line num="57" count="3" type="stmt"/>
      <line num="65" count="2" type="stmt"/>
      <line num="66" count="1" type="stmt"/>
      <line num="70" count="2" type="stmt"/>
      <line num="71" count="1" type="stmt"/>
      <line num="75" count="6" type="stmt"/>
      <line num="79" count="2" type="cond" truecount="2" falsecount="0"/>
      <line num="80" count="1" type="stmt"/>
      <line num="83" count="1" type="stmt"/>
      <line num="84" count="2" type="stmt"/>
      <line num="87" count="1" type="stmt"/>
      <line num="91" count="2" type="stmt"/>
    </file>
    <file name="ServiceReview.js" path="/home/emilly.costa/Documentos/Reprograma/Businesswoman-connects/src/ServiceReview.js">
      <metrics statements="13" coveredstatements="13" conditionals="2" coveredconditionals="2" methods="2" coveredmethods="2"/>
      <line num="1" count="1" type="stmt"/>
      <line num="4" count="1" type="stmt"/>
      <line num="7" count="4" type="stmt"/>
      <line num="8" count="4" type="stmt"/>
      <line num="9" count="4" type="stmt"/>
      <line num="11" count="4" type="cond" truecount="2" falsecount="0"/>
      <line num="12" count="3" type="stmt"/>
      <line num="13" count="3" type="stmt"/>
      <line num="15" count="1" type="stmt"/>
      <line num="18" count="3" type="stmt"/>
      <line num="19" count="3" type="stmt"/>
      <line num="23" count="1" type="stmt"/>
      <line num="27" count="1" type="stmt"/>
    </file>
    <file name="User.js" path="/home/emilly.costa/Documentos/Reprograma/Businesswoman-connects/src/User.js">
      <metrics statements="20" coveredstatements="20" conditionals="2" coveredconditionals="2" methods="5" coveredmethods="5"/>
      <line num="7" count="5" type="stmt"/>
      <line num="10" count="25" type="stmt"/>
      <line num="11" count="25" type="stmt"/>
      <line num="12" count="25" type="stmt"/>
      <line num="13" count="25" type="stmt"/>
      <line num="14" count="25" type="stmt"/>
      <line num="16" count="25" type="stmt"/>
      <line num="20" count="2" type="stmt"/>
      <line num="21" count="2" type="stmt"/>
      <line num="24" count="2" type="cond" truecount="2" falsecount="0"/>
      <line num="25" count="1" type="stmt"/>
      <line num="26" count="1" type="stmt"/>
      <line num="27" count="1" type="stmt"/>
      <line num="28" count="1" type="stmt"/>
      <line num="29" count="1" type="stmt"/>
      <line num="31" count="1" type="stmt"/>
      <line num="33" count="1" type="stmt"/>
      <line num="38" count="2" type="stmt"/>
      <line num="39" count="1" type="stmt"/>
      <line num="44" count="5" type="stmt"/>
    </file>
  </project>
</coverage>
