{"/home/emilly.costa/Documentos/Reprograma/Businesswoman-connects/src/Product.js": {"path":"/home/emilly.costa/Documentos/Reprograma/Businesswoman-connects/src/Product.js","statementMap":{"0":{"start":{"line":1,"column":13},"end":{"line":1,"column":30}},"1":{"start":{"line":8,"column":22},"end":{"line":8,"column":24}},"2":{"start":{"line":9,"column":14},"end":{"line":9,"column":16}},"3":{"start":{"line":12,"column":8},"end":{"line":20,"column":9}},"4":{"start":{"line":13,"column":12},"end":{"line":13,"column":29}},"5":{"start":{"line":14,"column":12},"end":{"line":14,"column":25}},"6":{"start":{"line":15,"column":12},"end":{"line":15,"column":37}},"7":{"start":{"line":16,"column":12},"end":{"line":16,"column":30}},"8":{"start":{"line":17,"column":12},"end":{"line":17,"column":29}},"9":{"start":{"line":19,"column":6},"end":{"line":19,"column":51}},"10":{"start":{"line":24,"column":28},"end":{"line":26,"column":9}},"11":{"start":{"line":25,"column":25},"end":{"line":25,"column":42}},"12":{"start":{"line":28,"column":8},"end":{"line":38,"column":9}},"13":{"start":{"line":29,"column":12},"end":{"line":29,"column":29}},"14":{"start":{"line":30,"column":12},"end":{"line":30,"column":25}},"15":{"start":{"line":31,"column":12},"end":{"line":31,"column":37}},"16":{"start":{"line":33,"column":12},"end":{"line":33,"column":40}},"17":{"start":{"line":35,"column":12},"end":{"line":35,"column":53}},"18":{"start":{"line":37,"column":12},"end":{"line":37,"column":59}},"19":{"start":{"line":42,"column":8},"end":{"line":58,"column":11}},"20":{"start":{"line":43,"column":32},"end":{"line":47,"column":15}},"21":{"start":{"line":43,"column":65},"end":{"line":47,"column":13}},"22":{"start":{"line":50,"column":16},"end":{"line":52,"column":65}},"23":{"start":{"line":54,"column":12},"end":{"line":57,"column":14}},"24":{"start":{"line":62,"column":25},"end":{"line":62,"column":84}},"25":{"start":{"line":62,"column":62},"end":{"line":62,"column":83}},"26":{"start":{"line":63,"column":8},"end":{"line":63,"column":51}},"27":{"start":{"line":67,"column":25},"end":{"line":67,"column":92}},"28":{"start":{"line":67,"column":62},"end":{"line":67,"column":91}},"29":{"start":{"line":68,"column":8},"end":{"line":68,"column":51}},"30":{"start":{"line":72,"column":8},"end":{"line":72,"column":34}},"31":{"start":{"line":76,"column":8},"end":{"line":78,"column":9}},"32":{"start":{"line":77,"column":12},"end":{"line":77,"column":63}},"33":{"start":{"line":80,"column":33},"end":{"line":82,"column":10}},"34":{"start":{"line":81,"column":12},"end":{"line":81,"column":93}},"35":{"start":{"line":84,"column":8},"end":{"line":84,"column":43}},"36":{"start":{"line":88,"column":0},"end":{"line":88,"column":25}}},"fnMap":{"0":{"name":"(anonymous_0)","decl":{"start":{"line":11,"column":4},"end":{"line":11,"column":5}},"loc":{"start":{"line":11,"column":42},"end":{"line":21,"column":5}},"line":11},"1":{"name":"(anonymous_1)","decl":{"start":{"line":23,"column":4},"end":{"line":23,"column":5}},"loc":{"start":{"line":23,"column":32},"end":{"line":39,"column":5}},"line":23},"2":{"name":"(anonymous_2)","decl":{"start":{"line":25,"column":12},"end":{"line":25,"column":13}},"loc":{"start":{"line":25,"column":25},"end":{"line":25,"column":42}},"line":25},"3":{"name":"(anonymous_3)","decl":{"start":{"line":41,"column":4},"end":{"line":41,"column":5}},"loc":{"start":{"line":41,"column":39},"end":{"line":59,"column":5}},"line":41},"4":{"name":"(anonymous_4)","decl":{"start":{"line":42,"column":28},"end":{"line":42,"column":29}},"loc":{"start":{"line":42,"column":41},"end":{"line":58,"column":9}},"line":42},"5":{"name":"(anonymous_5)","decl":{"start":{"line":43,"column":52},"end":{"line":43,"column":53}},"loc":{"start":{"line":43,"column":65},"end":{"line":47,"column":13}},"line":43},"6":{"name":"(anonymous_6)","decl":{"start":{"line":61,"column":4},"end":{"line":61,"column":5}},"loc":{"start":{"line":61,"column":35},"end":{"line":64,"column":5}},"line":61},"7":{"name":"(anonymous_7)","decl":{"start":{"line":62,"column":49},"end":{"line":62,"column":50}},"loc":{"start":{"line":62,"column":62},"end":{"line":62,"column":83}},"line":62},"8":{"name":"(anonymous_8)","decl":{"start":{"line":66,"column":4},"end":{"line":66,"column":5}},"loc":{"start":{"line":66,"column":43},"end":{"line":69,"column":5}},"line":66},"9":{"name":"(anonymous_9)","decl":{"start":{"line":67,"column":49},"end":{"line":67,"column":50}},"loc":{"start":{"line":67,"column":62},"end":{"line":67,"column":91}},"line":67},"10":{"name":"(anonymous_10)","decl":{"start":{"line":71,"column":4},"end":{"line":71,"column":5}},"loc":{"start":{"line":71,"column":22},"end":{"line":73,"column":5}},"line":71},"11":{"name":"(anonymous_11)","decl":{"start":{"line":75,"column":4},"end":{"line":75,"column":5}},"loc":{"start":{"line":75,"column":17},"end":{"line":85,"column":5}},"line":75},"12":{"name":"(anonymous_12)","decl":{"start":{"line":80,"column":50},"end":{"line":80,"column":51}},"loc":{"start":{"line":80,"column":62},"end":{"line":82,"column":9}},"line":80}},"branchMap":{"0":{"loc":{"start":{"line":12,"column":8},"end":{"line":20,"column":9}},"type":"if","locations":[{"start":{"line":12,"column":8},"end":{"line":20,"column":9}},{"start":{"line":18,"column":7},"end":{"line":20,"column":9}}],"line":12},"1":{"loc":{"start":{"line":28,"column":8},"end":{"line":38,"column":9}},"type":"if","locations":[{"start":{"line":28,"column":8},"end":{"line":38,"column":9}},{"start":{"line":36,"column":15},"end":{"line":38,"column":9}}],"line":28},"2":{"loc":{"start":{"line":50,"column":16},"end":{"line":52,"column":65}},"type":"cond-expr","locations":[{"start":{"line":51,"column":22},"end":{"line":51,"column":49}},{"start":{"line":52,"column":22},"end":{"line":52,"column":65}}],"line":50},"3":{"loc":{"start":{"line":76,"column":8},"end":{"line":78,"column":9}},"type":"if","locations":[{"start":{"line":76,"column":8},"end":{"line":78,"column":9}},{"start":{},"end":{}}],"line":76}},"s":{"0":2,"1":2,"2":13,"3":13,"4":12,"5":12,"6":12,"7":12,"8":12,"9":1,"10":8,"11":3,"12":8,"13":7,"14":7,"15":7,"16":7,"17":7,"18":1,"19":2,"20":3,"21":0,"22":3,"23":3,"24":1,"25":2,"26":1,"27":1,"28":2,"29":1,"30":6,"31":2,"32":1,"33":1,"34":2,"35":1,"36":2},"f":{"0":13,"1":8,"2":3,"3":2,"4":3,"5":0,"6":1,"7":2,"8":1,"9":2,"10":6,"11":2,"12":2},"b":{"0":[12,1],"1":[7,1],"2":[0,3],"3":[1,1]},"_coverageSchema":"1a1c01bbd47fc00a2c39e90264f33305004495a9","hash":"b8521c1658867c676456b3ca77505010c52b4744"}
,"/home/emilly.costa/Documentos/Reprograma/Businesswoman-connects/src/ProductReview.js": {"path":"/home/emilly.costa/Documentos/Reprograma/Businesswoman-connects/src/ProductReview.js","statementMap":{"0":{"start":{"line":1,"column":16},"end":{"line":1,"column":41}},"1":{"start":{"line":4,"column":21},"end":{"line":4,"column":23}},"2":{"start":{"line":7,"column":8},"end":{"line":7,"column":25}},"3":{"start":{"line":8,"column":8},"end":{"line":8,"column":25}},"4":{"start":{"line":9,"column":8},"end":{"line":9,"column":39}},"5":{"start":{"line":11,"column":8},"end":{"line":16,"column":9}},"6":{"start":{"line":12,"column":12},"end":{"line":12,"column":35}},"7":{"start":{"line":13,"column":12},"end":{"line":13,"column":36}},"8":{"start":{"line":15,"column":12},"end":{"line":15,"column":48}},"9":{"start":{"line":18,"column":8},"end":{"line":18,"column":41}},"10":{"start":{"line":19,"column":8},"end":{"line":19,"column":44}},"11":{"start":{"line":23,"column":8},"end":{"line":23,"column":37}},"12":{"start":{"line":27,"column":0},"end":{"line":27,"column":30}}},"fnMap":{"0":{"name":"(anonymous_0)","decl":{"start":{"line":6,"column":4},"end":{"line":6,"column":5}},"loc":{"start":{"line":6,"column":50},"end":{"line":20,"column":5}},"line":6},"1":{"name":"(anonymous_1)","decl":{"start":{"line":22,"column":4},"end":{"line":22,"column":5}},"loc":{"start":{"line":22,"column":24},"end":{"line":24,"column":5}},"line":22}},"branchMap":{"0":{"loc":{"start":{"line":11,"column":8},"end":{"line":16,"column":9}},"type":"if","locations":[{"start":{"line":11,"column":8},"end":{"line":16,"column":9}},{"start":{"line":14,"column":15},"end":{"line":16,"column":9}}],"line":11}},"s":{"0":1,"1":1,"2":4,"3":4,"4":4,"5":4,"6":3,"7":3,"8":1,"9":3,"10":3,"11":1,"12":1},"f":{"0":4,"1":1},"b":{"0":[3,1]},"_coverageSchema":"1a1c01bbd47fc00a2c39e90264f33305004495a9","hash":"8b7f45f31978b6f69c4e38060c84cc83a1acc48a"}
,"/home/emilly.costa/Documentos/Reprograma/Businesswoman-connects/src/Service.js": {"path":"/home/emilly.costa/Documentos/Reprograma/Businesswoman-connects/src/Service.js","statementMap":{"0":{"start":{"line":1,"column":13},"end":{"line":1,"column":30}},"1":{"start":{"line":8,"column":22},"end":{"line":8,"column":24}},"2":{"start":{"line":9,"column":14},"end":{"line":9,"column":16}},"3":{"start":{"line":12,"column":8},"end":{"line":20,"column":9}},"4":{"start":{"line":13,"column":12},"end":{"line":13,"column":29}},"5":{"start":{"line":14,"column":12},"end":{"line":14,"column":25}},"6":{"start":{"line":15,"column":12},"end":{"line":15,"column":37}},"7":{"start":{"line":16,"column":12},"end":{"line":16,"column":30}},"8":{"start":{"line":17,"column":12},"end":{"line":17,"column":29}},"9":{"start":{"line":19,"column":6},"end":{"line":19,"column":51}},"10":{"start":{"line":24,"column":28},"end":{"line":26,"column":9}},"11":{"start":{"line":25,"column":25},"end":{"line":25,"column":42}},"12":{"start":{"line":28,"column":8},"end":{"line":38,"column":9}},"13":{"start":{"line":29,"column":12},"end":{"line":29,"column":29}},"14":{"start":{"line":30,"column":12},"end":{"line":30,"column":25}},"15":{"start":{"line":31,"column":12},"end":{"line":31,"column":37}},"16":{"start":{"line":33,"column":12},"end":{"line":33,"column":40}},"17":{"start":{"line":35,"column":12},"end":{"line":35,"column":53}},"18":{"start":{"line":37,"column":12},"end":{"line":37,"column":59}},"19":{"start":{"line":42,"column":8},"end":{"line":58,"column":11}},"20":{"start":{"line":43,"column":32},"end":{"line":47,"column":15}},"21":{"start":{"line":43,"column":65},"end":{"line":47,"column":13}},"22":{"start":{"line":50,"column":16},"end":{"line":52,"column":65}},"23":{"start":{"line":54,"column":12},"end":{"line":57,"column":14}},"24":{"start":{"line":62,"column":25},"end":{"line":62,"column":84}},"25":{"start":{"line":62,"column":62},"end":{"line":62,"column":83}},"26":{"start":{"line":63,"column":8},"end":{"line":63,"column":51}},"27":{"start":{"line":67,"column":25},"end":{"line":67,"column":92}},"28":{"start":{"line":67,"column":62},"end":{"line":67,"column":91}},"29":{"start":{"line":68,"column":8},"end":{"line":68,"column":51}},"30":{"start":{"line":72,"column":8},"end":{"line":72,"column":34}},"31":{"start":{"line":76,"column":8},"end":{"line":78,"column":9}},"32":{"start":{"line":77,"column":12},"end":{"line":77,"column":63}},"33":{"start":{"line":80,"column":33},"end":{"line":82,"column":10}},"34":{"start":{"line":81,"column":12},"end":{"line":81,"column":93}},"35":{"start":{"line":84,"column":8},"end":{"line":84,"column":43}},"36":{"start":{"line":88,"column":0},"end":{"line":88,"column":25}}},"fnMap":{"0":{"name":"(anonymous_0)","decl":{"start":{"line":11,"column":4},"end":{"line":11,"column":5}},"loc":{"start":{"line":11,"column":42},"end":{"line":21,"column":5}},"line":11},"1":{"name":"(anonymous_1)","decl":{"start":{"line":23,"column":4},"end":{"line":23,"column":5}},"loc":{"start":{"line":23,"column":32},"end":{"line":39,"column":5}},"line":23},"2":{"name":"(anonymous_2)","decl":{"start":{"line":25,"column":12},"end":{"line":25,"column":13}},"loc":{"start":{"line":25,"column":25},"end":{"line":25,"column":42}},"line":25},"3":{"name":"(anonymous_3)","decl":{"start":{"line":41,"column":4},"end":{"line":41,"column":5}},"loc":{"start":{"line":41,"column":39},"end":{"line":59,"column":5}},"line":41},"4":{"name":"(anonymous_4)","decl":{"start":{"line":42,"column":28},"end":{"line":42,"column":29}},"loc":{"start":{"line":42,"column":41},"end":{"line":58,"column":9}},"line":42},"5":{"name":"(anonymous_5)","decl":{"start":{"line":43,"column":52},"end":{"line":43,"column":53}},"loc":{"start":{"line":43,"column":65},"end":{"line":47,"column":13}},"line":43},"6":{"name":"(anonymous_6)","decl":{"start":{"line":61,"column":4},"end":{"line":61,"column":5}},"loc":{"start":{"line":61,"column":35},"end":{"line":64,"column":5}},"line":61},"7":{"name":"(anonymous_7)","decl":{"start":{"line":62,"column":49},"end":{"line":62,"column":50}},"loc":{"start":{"line":62,"column":62},"end":{"line":62,"column":83}},"line":62},"8":{"name":"(anonymous_8)","decl":{"start":{"line":66,"column":4},"end":{"line":66,"column":5}},"loc":{"start":{"line":66,"column":43},"end":{"line":69,"column":5}},"line":66},"9":{"name":"(anonymous_9)","decl":{"start":{"line":67,"column":49},"end":{"line":67,"column":50}},"loc":{"start":{"line":67,"column":62},"end":{"line":67,"column":91}},"line":67},"10":{"name":"(anonymous_10)","decl":{"start":{"line":71,"column":4},"end":{"line":71,"column":5}},"loc":{"start":{"line":71,"column":22},"end":{"line":73,"column":5}},"line":71},"11":{"name":"(anonymous_11)","decl":{"start":{"line":75,"column":4},"end":{"line":75,"column":5}},"loc":{"start":{"line":75,"column":17},"end":{"line":85,"column":5}},"line":75},"12":{"name":"(anonymous_12)","decl":{"start":{"line":80,"column":50},"end":{"line":80,"column":51}},"loc":{"start":{"line":80,"column":62},"end":{"line":82,"column":9}},"line":80}},"branchMap":{"0":{"loc":{"start":{"line":12,"column":8},"end":{"line":20,"column":9}},"type":"if","locations":[{"start":{"line":12,"column":8},"end":{"line":20,"column":9}},{"start":{"line":18,"column":7},"end":{"line":20,"column":9}}],"line":12},"1":{"loc":{"start":{"line":28,"column":8},"end":{"line":38,"column":9}},"type":"if","locations":[{"start":{"line":28,"column":8},"end":{"line":38,"column":9}},{"start":{"line":36,"column":15},"end":{"line":38,"column":9}}],"line":28},"2":{"loc":{"start":{"line":50,"column":16},"end":{"line":52,"column":65}},"type":"cond-expr","locations":[{"start":{"line":51,"column":22},"end":{"line":51,"column":49}},{"start":{"line":52,"column":22},"end":{"line":52,"column":65}}],"line":50},"3":{"loc":{"start":{"line":76,"column":8},"end":{"line":78,"column":9}},"type":"if","locations":[{"start":{"line":76,"column":8},"end":{"line":78,"column":9}},{"start":{},"end":{}}],"line":76}},"s":{"0":2,"1":2,"2":13,"3":13,"4":12,"5":12,"6":12,"7":12,"8":12,"9":1,"10":8,"11":3,"12":8,"13":7,"14":7,"15":7,"16":7,"17":7,"18":1,"19":2,"20":3,"21":0,"22":3,"23":3,"24":1,"25":2,"26":1,"27":1,"28":2,"29":1,"30":6,"31":2,"32":1,"33":1,"34":2,"35":1,"36":2},"f":{"0":13,"1":8,"2":3,"3":2,"4":3,"5":0,"6":1,"7":2,"8":1,"9":2,"10":6,"11":2,"12":2},"b":{"0":[12,1],"1":[7,1],"2":[0,3],"3":[1,1]},"_coverageSchema":"1a1c01bbd47fc00a2c39e90264f33305004495a9","hash":"65ef0157800b5f5a759e080519eb00fbbe26daed"}
,"/home/emilly.costa/Documentos/Reprograma/Businesswoman-connects/src/ServiceReview.js": {"path":"/home/emilly.costa/Documentos/Reprograma/Businesswoman-connects/src/ServiceReview.js","statementMap":{"0":{"start":{"line":1,"column":16},"end":{"line":1,"column":41}},"1":{"start":{"line":4,"column":21},"end":{"line":4,"column":23}},"2":{"start":{"line":7,"column":8},"end":{"line":7,"column":25}},"3":{"start":{"line":8,"column":8},"end":{"line":8,"column":25}},"4":{"start":{"line":9,"column":8},"end":{"line":9,"column":39}},"5":{"start":{"line":11,"column":8},"end":{"line":16,"column":9}},"6":{"start":{"line":12,"column":12},"end":{"line":12,"column":35}},"7":{"start":{"line":13,"column":12},"end":{"line":13,"column":36}},"8":{"start":{"line":15,"column":12},"end":{"line":15,"column":48}},"9":{"start":{"line":18,"column":8},"end":{"line":18,"column":41}},"10":{"start":{"line":19,"column":8},"end":{"line":19,"column":44}},"11":{"start":{"line":23,"column":8},"end":{"line":23,"column":37}},"12":{"start":{"line":27,"column":0},"end":{"line":27,"column":30}}},"fnMap":{"0":{"name":"(anonymous_0)","decl":{"start":{"line":6,"column":4},"end":{"line":6,"column":5}},"loc":{"start":{"line":6,"column":50},"end":{"line":20,"column":5}},"line":6},"1":{"name":"(anonymous_1)","decl":{"start":{"line":22,"column":4},"end":{"line":22,"column":5}},"loc":{"start":{"line":22,"column":24},"end":{"line":24,"column":5}},"line":22}},"branchMap":{"0":{"loc":{"start":{"line":11,"column":8},"end":{"line":16,"column":9}},"type":"if","locations":[{"start":{"line":11,"column":8},"end":{"line":16,"column":9}},{"start":{"line":14,"column":15},"end":{"line":16,"column":9}}],"line":11}},"s":{"0":1,"1":1,"2":4,"3":4,"4":4,"5":4,"6":3,"7":3,"8":1,"9":3,"10":3,"11":1,"12":1},"f":{"0":4,"1":1},"b":{"0":[3,1]},"_coverageSchema":"1a1c01bbd47fc00a2c39e90264f33305004495a9","hash":"7b4e84333b43d63bd83cbb079ea5f5e237e795d6"}
,"/home/emilly.costa/Documentos/Reprograma/Businesswoman-connects/src/User.js": {"path":"/home/emilly.costa/Documentos/Reprograma/Businesswoman-connects/src/User.js","statementMap":{"0":{"start":{"line":6,"column":18},"end":{"line":6,"column":20}},"1":{"start":{"line":9,"column":8},"end":{"line":9,"column":25}},"2":{"start":{"line":10,"column":8},"end":{"line":10,"column":33}},"3":{"start":{"line":11,"column":8},"end":{"line":11,"column":25}},"4":{"start":{"line":12,"column":8},"end":{"line":12,"column":27}},"5":{"start":{"line":13,"column":8},"end":{"line":13,"column":28}},"6":{"start":{"line":17,"column":28},"end":{"line":19,"column":9}},"7":{"start":{"line":18,"column":22},"end":{"line":18,"column":48}},"8":{"start":{"line":21,"column":8},"end":{"line":30,"column":9}},"9":{"start":{"line":22,"column":12},"end":{"line":22,"column":29}},"10":{"start":{"line":23,"column":12},"end":{"line":23,"column":37}},"11":{"start":{"line":24,"column":12},"end":{"line":24,"column":29}},"12":{"start":{"line":25,"column":12},"end":{"line":25,"column":31}},"13":{"start":{"line":27,"column":12},"end":{"line":27,"column":53}},"14":{"start":{"line":29,"column":12},"end":{"line":29,"column":59}},"15":{"start":{"line":34,"column":8},"end":{"line":36,"column":10}},"16":{"start":{"line":35,"column":22},"end":{"line":35,"column":48}},"17":{"start":{"line":40,"column":0},"end":{"line":40,"column":22}}},"fnMap":{"0":{"name":"(anonymous_0)","decl":{"start":{"line":8,"column":4},"end":{"line":8,"column":5}},"loc":{"start":{"line":8,"column":45},"end":{"line":14,"column":5}},"line":8},"1":{"name":"(anonymous_1)","decl":{"start":{"line":16,"column":4},"end":{"line":16,"column":5}},"loc":{"start":{"line":16,"column":41},"end":{"line":31,"column":5}},"line":16},"2":{"name":"(anonymous_2)","decl":{"start":{"line":18,"column":12},"end":{"line":18,"column":13}},"loc":{"start":{"line":18,"column":22},"end":{"line":18,"column":48}},"line":18},"3":{"name":"(anonymous_3)","decl":{"start":{"line":33,"column":4},"end":{"line":33,"column":5}},"loc":{"start":{"line":33,"column":36},"end":{"line":37,"column":5}},"line":33},"4":{"name":"(anonymous_4)","decl":{"start":{"line":35,"column":12},"end":{"line":35,"column":13}},"loc":{"start":{"line":35,"column":22},"end":{"line":35,"column":48}},"line":35}},"branchMap":{"0":{"loc":{"start":{"line":21,"column":8},"end":{"line":30,"column":9}},"type":"if","locations":[{"start":{"line":21,"column":8},"end":{"line":30,"column":9}},{"start":{"line":28,"column":15},"end":{"line":30,"column":9}}],"line":21}},"s":{"0":5,"1":25,"2":25,"3":25,"4":25,"5":25,"6":2,"7":2,"8":2,"9":1,"10":1,"11":1,"12":1,"13":1,"14":1,"15":2,"16":1,"17":5},"f":{"0":25,"1":2,"2":2,"3":2,"4":1},"b":{"0":[1,1]},"_coverageSchema":"1a1c01bbd47fc00a2c39e90264f33305004495a9","hash":"25ed430a414ef9d17318d8cec84d5ec595fcd438"}
}
