{"/home/emilly.costa/Documentos/Reprograma/Businesswoman-connects/src/Product.js": {"path":"/home/emilly.costa/Documentos/Reprograma/Businesswoman-connects/src/Product.js","statementMap":{"0":{"start":{"line":1,"column":13},"end":{"line":1,"column":30}},"1":{"start":{"line":9,"column":22},"end":{"line":9,"column":24}},"2":{"start":{"line":10,"column":14},"end":{"line":10,"column":16}},"3":{"start":{"line":13,"column":8},"end":{"line":22,"column":9}},"4":{"start":{"line":14,"column":12},"end":{"line":14,"column":29}},"5":{"start":{"line":15,"column":12},"end":{"line":15,"column":25}},"6":{"start":{"line":16,"column":12},"end":{"line":16,"column":43}},"7":{"start":{"line":17,"column":12},"end":{"line":17,"column":37}},"8":{"start":{"line":18,"column":12},"end":{"line":18,"column":30}},"9":{"start":{"line":19,"column":12},"end":{"line":19,"column":29}},"10":{"start":{"line":21,"column":6},"end":{"line":21,"column":51}},"11":{"start":{"line":26,"column":28},"end":{"line":28,"column":9}},"12":{"start":{"line":27,"column":25},"end":{"line":27,"column":42}},"13":{"start":{"line":30,"column":8},"end":{"line":41,"column":9}},"14":{"start":{"line":31,"column":12},"end":{"line":31,"column":29}},"15":{"start":{"line":32,"column":12},"end":{"line":32,"column":25}},"16":{"start":{"line":33,"column":12},"end":{"line":33,"column":37}},"17":{"start":{"line":34,"column":12},"end":{"line":34,"column":43}},"18":{"start":{"line":36,"column":12},"end":{"line":36,"column":40}},"19":{"start":{"line":38,"column":12},"end":{"line":38,"column":53}},"20":{"start":{"line":40,"column":12},"end":{"line":40,"column":59}},"21":{"start":{"line":45,"column":8},"end":{"line":61,"column":11}},"22":{"start":{"line":46,"column":32},"end":{"line":50,"column":15}},"23":{"start":{"line":46,"column":65},"end":{"line":50,"column":13}},"24":{"start":{"line":53,"column":16},"end":{"line":55,"column":65}},"25":{"start":{"line":57,"column":12},"end":{"line":60,"column":14}},"26":{"start":{"line":65,"column":25},"end":{"line":65,"column":84}},"27":{"start":{"line":65,"column":62},"end":{"line":65,"column":83}},"28":{"start":{"line":66,"column":8},"end":{"line":66,"column":51}},"29":{"start":{"line":70,"column":25},"end":{"line":70,"column":92}},"30":{"start":{"line":70,"column":62},"end":{"line":70,"column":91}},"31":{"start":{"line":71,"column":8},"end":{"line":71,"column":51}},"32":{"start":{"line":75,"column":8},"end":{"line":75,"column":34}},"33":{"start":{"line":79,"column":8},"end":{"line":81,"column":9}},"34":{"start":{"line":80,"column":12},"end":{"line":80,"column":63}},"35":{"start":{"line":83,"column":33},"end":{"line":85,"column":10}},"36":{"start":{"line":84,"column":12},"end":{"line":84,"column":93}},"37":{"start":{"line":87,"column":8},"end":{"line":87,"column":43}},"38":{"start":{"line":91,"column":0},"end":{"line":91,"column":25}}},"fnMap":{"0":{"name":"(anonymous_0)","decl":{"start":{"line":12,"column":4},"end":{"line":12,"column":5}},"loc":{"start":{"line":12,"column":55},"end":{"line":23,"column":5}},"line":12},"1":{"name":"(anonymous_1)","decl":{"start":{"line":25,"column":4},"end":{"line":25,"column":5}},"loc":{"start":{"line":25,"column":45},"end":{"line":42,"column":5}},"line":25},"2":{"name":"(anonymous_2)","decl":{"start":{"line":27,"column":12},"end":{"line":27,"column":13}},"loc":{"start":{"line":27,"column":25},"end":{"line":27,"column":42}},"line":27},"3":{"name":"(anonymous_3)","decl":{"start":{"line":44,"column":4},"end":{"line":44,"column":5}},"loc":{"start":{"line":44,"column":39},"end":{"line":62,"column":5}},"line":44},"4":{"name":"(anonymous_4)","decl":{"start":{"line":45,"column":28},"end":{"line":45,"column":29}},"loc":{"start":{"line":45,"column":41},"end":{"line":61,"column":9}},"line":45},"5":{"name":"(anonymous_5)","decl":{"start":{"line":46,"column":52},"end":{"line":46,"column":53}},"loc":{"start":{"line":46,"column":65},"end":{"line":50,"column":13}},"line":46},"6":{"name":"(anonymous_6)","decl":{"start":{"line":64,"column":4},"end":{"line":64,"column":5}},"loc":{"start":{"line":64,"column":35},"end":{"line":67,"column":5}},"line":64},"7":{"name":"(anonymous_7)","decl":{"start":{"line":65,"column":49},"end":{"line":65,"column":50}},"loc":{"start":{"line":65,"column":62},"end":{"line":65,"column":83}},"line":65},"8":{"name":"(anonymous_8)","decl":{"start":{"line":69,"column":4},"end":{"line":69,"column":5}},"loc":{"start":{"line":69,"column":43},"end":{"line":72,"column":5}},"line":69},"9":{"name":"(anonymous_9)","decl":{"start":{"line":70,"column":49},"end":{"line":70,"column":50}},"loc":{"start":{"line":70,"column":62},"end":{"line":70,"column":91}},"line":70},"10":{"name":"(anonymous_10)","decl":{"start":{"line":74,"column":4},"end":{"line":74,"column":5}},"loc":{"start":{"line":74,"column":22},"end":{"line":76,"column":5}},"line":74},"11":{"name":"(anonymous_11)","decl":{"start":{"line":78,"column":4},"end":{"line":78,"column":5}},"loc":{"start":{"line":78,"column":17},"end":{"line":88,"column":5}},"line":78},"12":{"name":"(anonymous_12)","decl":{"start":{"line":83,"column":50},"end":{"line":83,"column":51}},"loc":{"start":{"line":83,"column":62},"end":{"line":85,"column":9}},"line":83}},"branchMap":{"0":{"loc":{"start":{"line":13,"column":8},"end":{"line":22,"column":9}},"type":"if","locations":[{"start":{"line":13,"column":8},"end":{"line":22,"column":9}},{"start":{"line":20,"column":7},"end":{"line":22,"column":9}}],"line":13},"1":{"loc":{"start":{"line":30,"column":8},"end":{"line":41,"column":9}},"type":"if","locations":[{"start":{"line":30,"column":8},"end":{"line":41,"column":9}},{"start":{"line":39,"column":15},"end":{"line":41,"column":9}}],"line":30},"2":{"loc":{"start":{"line":53,"column":16},"end":{"line":55,"column":65}},"type":"cond-expr","locations":[{"start":{"line":54,"column":22},"end":{"line":54,"column":49}},{"start":{"line":55,"column":22},"end":{"line":55,"column":65}}],"line":53},"3":{"loc":{"start":{"line":79,"column":8},"end":{"line":81,"column":9}},"type":"if","locations":[{"start":{"line":79,"column":8},"end":{"line":81,"column":9}},{"start":{},"end":{}}],"line":79}},"s":{"0":2,"1":2,"2":13,"3":13,"4":12,"5":12,"6":12,"7":12,"8":12,"9":12,"10":1,"11":8,"12":3,"13":8,"14":7,"15":7,"16":7,"17":7,"18":7,"19":7,"20":1,"21":2,"22":3,"23":0,"24":3,"25":3,"26":1,"27":2,"28":1,"29":1,"30":2,"31":1,"32":6,"33":2,"34":1,"35":1,"36":2,"37":1,"38":2},"f":{"0":13,"1":8,"2":3,"3":2,"4":3,"5":0,"6":1,"7":2,"8":1,"9":2,"10":6,"11":2,"12":2},"b":{"0":[12,1],"1":[7,1],"2":[0,3],"3":[1,1]},"_coverageSchema":"1a1c01bbd47fc00a2c39e90264f33305004495a9","hash":"c6302440e42088aa57fc18dbd6282c32a304f9c4"}
,"/home/emilly.costa/Documentos/Reprograma/Businesswoman-connects/src/ProductReview.js": {"path":"/home/emilly.costa/Documentos/Reprograma/Businesswoman-connects/src/ProductReview.js","statementMap":{"0":{"start":{"line":1,"column":16},"end":{"line":1,"column":41}},"1":{"start":{"line":4,"column":21},"end":{"line":4,"column":23}},"2":{"start":{"line":7,"column":8},"end":{"line":7,"column":25}},"3":{"start":{"line":8,"column":8},"end":{"line":8,"column":25}},"4":{"start":{"line":9,"column":8},"end":{"line":9,"column":39}},"5":{"start":{"line":11,"column":8},"end":{"line":16,"column":9}},"6":{"start":{"line":12,"column":12},"end":{"line":12,"column":35}},"7":{"start":{"line":13,"column":12},"end":{"line":13,"column":36}},"8":{"start":{"line":15,"column":12},"end":{"line":15,"column":48}},"9":{"start":{"line":18,"column":8},"end":{"line":18,"column":41}},"10":{"start":{"line":19,"column":8},"end":{"line":19,"column":44}},"11":{"start":{"line":23,"column":8},"end":{"line":23,"column":37}},"12":{"start":{"line":27,"column":0},"end":{"line":27,"column":30}}},"fnMap":{"0":{"name":"(anonymous_0)","decl":{"start":{"line":6,"column":4},"end":{"line":6,"column":5}},"loc":{"start":{"line":6,"column":50},"end":{"line":20,"column":5}},"line":6},"1":{"name":"(anonymous_1)","decl":{"start":{"line":22,"column":4},"end":{"line":22,"column":5}},"loc":{"start":{"line":22,"column":24},"end":{"line":24,"column":5}},"line":22}},"branchMap":{"0":{"loc":{"start":{"line":11,"column":8},"end":{"line":16,"column":9}},"type":"if","locations":[{"start":{"line":11,"column":8},"end":{"line":16,"column":9}},{"start":{"line":14,"column":15},"end":{"line":16,"column":9}}],"line":11}},"s":{"0":1,"1":1,"2":4,"3":4,"4":4,"5":4,"6":3,"7":3,"8":1,"9":3,"10":3,"11":1,"12":1},"f":{"0":4,"1":1},"b":{"0":[3,1]},"_coverageSchema":"1a1c01bbd47fc00a2c39e90264f33305004495a9","hash":"8b7f45f31978b6f69c4e38060c84cc83a1acc48a"}
,"/home/emilly.costa/Documentos/Reprograma/Businesswoman-connects/src/Service.js": {"path":"/home/emilly.costa/Documentos/Reprograma/Businesswoman-connects/src/Service.js","statementMap":{"0":{"start":{"line":1,"column":13},"end":{"line":1,"column":30}},"1":{"start":{"line":9,"column":22},"end":{"line":9,"column":24}},"2":{"start":{"line":10,"column":14},"end":{"line":10,"column":16}},"3":{"start":{"line":13,"column":8},"end":{"line":22,"column":9}},"4":{"start":{"line":14,"column":12},"end":{"line":14,"column":29}},"5":{"start":{"line":15,"column":12},"end":{"line":15,"column":25}},"6":{"start":{"line":16,"column":12},"end":{"line":16,"column":37}},"7":{"start":{"line":17,"column":12},"end":{"line":17,"column":43}},"8":{"start":{"line":18,"column":12},"end":{"line":18,"column":30}},"9":{"start":{"line":19,"column":12},"end":{"line":19,"column":29}},"10":{"start":{"line":21,"column":6},"end":{"line":21,"column":51}},"11":{"start":{"line":26,"column":28},"end":{"line":28,"column":9}},"12":{"start":{"line":27,"column":25},"end":{"line":27,"column":42}},"13":{"start":{"line":30,"column":8},"end":{"line":41,"column":9}},"14":{"start":{"line":31,"column":12},"end":{"line":31,"column":29}},"15":{"start":{"line":32,"column":12},"end":{"line":32,"column":25}},"16":{"start":{"line":33,"column":12},"end":{"line":33,"column":37}},"17":{"start":{"line":34,"column":12},"end":{"line":34,"column":43}},"18":{"start":{"line":36,"column":12},"end":{"line":36,"column":40}},"19":{"start":{"line":38,"column":12},"end":{"line":38,"column":53}},"20":{"start":{"line":40,"column":12},"end":{"line":40,"column":59}},"21":{"start":{"line":45,"column":8},"end":{"line":61,"column":11}},"22":{"start":{"line":46,"column":32},"end":{"line":50,"column":15}},"23":{"start":{"line":46,"column":65},"end":{"line":50,"column":13}},"24":{"start":{"line":53,"column":16},"end":{"line":55,"column":65}},"25":{"start":{"line":57,"column":12},"end":{"line":60,"column":14}},"26":{"start":{"line":65,"column":25},"end":{"line":65,"column":84}},"27":{"start":{"line":65,"column":62},"end":{"line":65,"column":83}},"28":{"start":{"line":66,"column":8},"end":{"line":66,"column":51}},"29":{"start":{"line":70,"column":25},"end":{"line":70,"column":92}},"30":{"start":{"line":70,"column":62},"end":{"line":70,"column":91}},"31":{"start":{"line":71,"column":8},"end":{"line":71,"column":51}},"32":{"start":{"line":75,"column":8},"end":{"line":75,"column":34}},"33":{"start":{"line":79,"column":8},"end":{"line":81,"column":9}},"34":{"start":{"line":80,"column":12},"end":{"line":80,"column":63}},"35":{"start":{"line":83,"column":33},"end":{"line":85,"column":10}},"36":{"start":{"line":84,"column":12},"end":{"line":84,"column":93}},"37":{"start":{"line":87,"column":8},"end":{"line":87,"column":43}},"38":{"start":{"line":91,"column":0},"end":{"line":91,"column":25}}},"fnMap":{"0":{"name":"(anonymous_0)","decl":{"start":{"line":12,"column":4},"end":{"line":12,"column":5}},"loc":{"start":{"line":12,"column":55},"end":{"line":23,"column":5}},"line":12},"1":{"name":"(anonymous_1)","decl":{"start":{"line":25,"column":4},"end":{"line":25,"column":5}},"loc":{"start":{"line":25,"column":45},"end":{"line":42,"column":5}},"line":25},"2":{"name":"(anonymous_2)","decl":{"start":{"line":27,"column":12},"end":{"line":27,"column":13}},"loc":{"start":{"line":27,"column":25},"end":{"line":27,"column":42}},"line":27},"3":{"name":"(anonymous_3)","decl":{"start":{"line":44,"column":4},"end":{"line":44,"column":5}},"loc":{"start":{"line":44,"column":39},"end":{"line":62,"column":5}},"line":44},"4":{"name":"(anonymous_4)","decl":{"start":{"line":45,"column":28},"end":{"line":45,"column":29}},"loc":{"start":{"line":45,"column":41},"end":{"line":61,"column":9}},"line":45},"5":{"name":"(anonymous_5)","decl":{"start":{"line":46,"column":52},"end":{"line":46,"column":53}},"loc":{"start":{"line":46,"column":65},"end":{"line":50,"column":13}},"line":46},"6":{"name":"(anonymous_6)","decl":{"start":{"line":64,"column":4},"end":{"line":64,"column":5}},"loc":{"start":{"line":64,"column":35},"end":{"line":67,"column":5}},"line":64},"7":{"name":"(anonymous_7)","decl":{"start":{"line":65,"column":49},"end":{"line":65,"column":50}},"loc":{"start":{"line":65,"column":62},"end":{"line":65,"column":83}},"line":65},"8":{"name":"(anonymous_8)","decl":{"start":{"line":69,"column":4},"end":{"line":69,"column":5}},"loc":{"start":{"line":69,"column":43},"end":{"line":72,"column":5}},"line":69},"9":{"name":"(anonymous_9)","decl":{"start":{"line":70,"column":49},"end":{"line":70,"column":50}},"loc":{"start":{"line":70,"column":62},"end":{"line":70,"column":91}},"line":70},"10":{"name":"(anonymous_10)","decl":{"start":{"line":74,"column":4},"end":{"line":74,"column":5}},"loc":{"start":{"line":74,"column":22},"end":{"line":76,"column":5}},"line":74},"11":{"name":"(anonymous_11)","decl":{"start":{"line":78,"column":4},"end":{"line":78,"column":5}},"loc":{"start":{"line":78,"column":17},"end":{"line":88,"column":5}},"line":78},"12":{"name":"(anonymous_12)","decl":{"start":{"line":83,"column":50},"end":{"line":83,"column":51}},"loc":{"start":{"line":83,"column":62},"end":{"line":85,"column":9}},"line":83}},"branchMap":{"0":{"loc":{"start":{"line":13,"column":8},"end":{"line":22,"column":9}},"type":"if","locations":[{"start":{"line":13,"column":8},"end":{"line":22,"column":9}},{"start":{"line":20,"column":7},"end":{"line":22,"column":9}}],"line":13},"1":{"loc":{"start":{"line":30,"column":8},"end":{"line":41,"column":9}},"type":"if","locations":[{"start":{"line":30,"column":8},"end":{"line":41,"column":9}},{"start":{"line":39,"column":15},"end":{"line":41,"column":9}}],"line":30},"2":{"loc":{"start":{"line":53,"column":16},"end":{"line":55,"column":65}},"type":"cond-expr","locations":[{"start":{"line":54,"column":22},"end":{"line":54,"column":49}},{"start":{"line":55,"column":22},"end":{"line":55,"column":65}}],"line":53},"3":{"loc":{"start":{"line":79,"column":8},"end":{"line":81,"column":9}},"type":"if","locations":[{"start":{"line":79,"column":8},"end":{"line":81,"column":9}},{"start":{},"end":{}}],"line":79}},"s":{"0":2,"1":2,"2":13,"3":13,"4":12,"5":12,"6":12,"7":12,"8":12,"9":12,"10":1,"11":8,"12":3,"13":8,"14":7,"15":7,"16":7,"17":7,"18":7,"19":7,"20":1,"21":2,"22":3,"23":0,"24":3,"25":3,"26":1,"27":2,"28":1,"29":1,"30":2,"31":1,"32":6,"33":2,"34":1,"35":1,"36":2,"37":1,"38":2},"f":{"0":13,"1":8,"2":3,"3":2,"4":3,"5":0,"6":1,"7":2,"8":1,"9":2,"10":6,"11":2,"12":2},"b":{"0":[12,1],"1":[7,1],"2":[0,3],"3":[1,1]},"_coverageSchema":"1a1c01bbd47fc00a2c39e90264f33305004495a9","hash":"e1c4f2f6afe1df246c04d04aa1b3537643db36e6"}
,"/home/emilly.costa/Documentos/Reprograma/Businesswoman-connects/src/ServiceReview.js": {"path":"/home/emilly.costa/Documentos/Reprograma/Businesswoman-connects/src/ServiceReview.js","statementMap":{"0":{"start":{"line":1,"column":16},"end":{"line":1,"column":41}},"1":{"start":{"line":4,"column":21},"end":{"line":4,"column":23}},"2":{"start":{"line":7,"column":8},"end":{"line":7,"column":25}},"3":{"start":{"line":8,"column":8},"end":{"line":8,"column":25}},"4":{"start":{"line":9,"column":8},"end":{"line":9,"column":39}},"5":{"start":{"line":11,"column":8},"end":{"line":16,"column":9}},"6":{"start":{"line":12,"column":12},"end":{"line":12,"column":35}},"7":{"start":{"line":13,"column":12},"end":{"line":13,"column":36}},"8":{"start":{"line":15,"column":12},"end":{"line":15,"column":48}},"9":{"start":{"line":18,"column":8},"end":{"line":18,"column":41}},"10":{"start":{"line":19,"column":8},"end":{"line":19,"column":44}},"11":{"start":{"line":23,"column":8},"end":{"line":23,"column":37}},"12":{"start":{"line":27,"column":0},"end":{"line":27,"column":30}}},"fnMap":{"0":{"name":"(anonymous_0)","decl":{"start":{"line":6,"column":4},"end":{"line":6,"column":5}},"loc":{"start":{"line":6,"column":50},"end":{"line":20,"column":5}},"line":6},"1":{"name":"(anonymous_1)","decl":{"start":{"line":22,"column":4},"end":{"line":22,"column":5}},"loc":{"start":{"line":22,"column":24},"end":{"line":24,"column":5}},"line":22}},"branchMap":{"0":{"loc":{"start":{"line":11,"column":8},"end":{"line":16,"column":9}},"type":"if","locations":[{"start":{"line":11,"column":8},"end":{"line":16,"column":9}},{"start":{"line":14,"column":15},"end":{"line":16,"column":9}}],"line":11}},"s":{"0":1,"1":1,"2":4,"3":4,"4":4,"5":4,"6":3,"7":3,"8":1,"9":3,"10":3,"11":1,"12":1},"f":{"0":4,"1":1},"b":{"0":[3,1]},"_coverageSchema":"1a1c01bbd47fc00a2c39e90264f33305004495a9","hash":"7b4e84333b43d63bd83cbb079ea5f5e237e795d6"}
,"/home/emilly.costa/Documentos/Reprograma/Businesswoman-connects/src/User.js": {"path":"/home/emilly.costa/Documentos/Reprograma/Businesswoman-connects/src/User.js","statementMap":{"0":{"start":{"line":7,"column":18},"end":{"line":7,"column":20}},"1":{"start":{"line":10,"column":8},"end":{"line":10,"column":25}},"2":{"start":{"line":11,"column":8},"end":{"line":11,"column":33}},"3":{"start":{"line":12,"column":8},"end":{"line":12,"column":29}},"4":{"start":{"line":13,"column":8},"end":{"line":13,"column":27}},"5":{"start":{"line":14,"column":8},"end":{"line":14,"column":35}},"6":{"start":{"line":16,"column":8},"end":{"line":16,"column":28}},"7":{"start":{"line":20,"column":28},"end":{"line":22,"column":9}},"8":{"start":{"line":21,"column":22},"end":{"line":21,"column":48}},"9":{"start":{"line":24,"column":8},"end":{"line":34,"column":9}},"10":{"start":{"line":25,"column":12},"end":{"line":25,"column":29}},"11":{"start":{"line":26,"column":12},"end":{"line":26,"column":37}},"12":{"start":{"line":27,"column":12},"end":{"line":27,"column":33}},"13":{"start":{"line":28,"column":12},"end":{"line":28,"column":31}},"14":{"start":{"line":29,"column":12},"end":{"line":29,"column":39}},"15":{"start":{"line":31,"column":12},"end":{"line":31,"column":53}},"16":{"start":{"line":33,"column":12},"end":{"line":33,"column":59}},"17":{"start":{"line":38,"column":8},"end":{"line":40,"column":10}},"18":{"start":{"line":39,"column":22},"end":{"line":39,"column":48}},"19":{"start":{"line":44,"column":0},"end":{"line":44,"column":22}}},"fnMap":{"0":{"name":"(anonymous_0)","decl":{"start":{"line":9,"column":4},"end":{"line":9,"column":5}},"loc":{"start":{"line":9,"column":58},"end":{"line":17,"column":5}},"line":9},"1":{"name":"(anonymous_1)","decl":{"start":{"line":19,"column":4},"end":{"line":19,"column":5}},"loc":{"start":{"line":19,"column":54},"end":{"line":35,"column":5}},"line":19},"2":{"name":"(anonymous_2)","decl":{"start":{"line":21,"column":12},"end":{"line":21,"column":13}},"loc":{"start":{"line":21,"column":22},"end":{"line":21,"column":48}},"line":21},"3":{"name":"(anonymous_3)","decl":{"start":{"line":37,"column":4},"end":{"line":37,"column":5}},"loc":{"start":{"line":37,"column":36},"end":{"line":41,"column":5}},"line":37},"4":{"name":"(anonymous_4)","decl":{"start":{"line":39,"column":12},"end":{"line":39,"column":13}},"loc":{"start":{"line":39,"column":22},"end":{"line":39,"column":48}},"line":39}},"branchMap":{"0":{"loc":{"start":{"line":24,"column":8},"end":{"line":34,"column":9}},"type":"if","locations":[{"start":{"line":24,"column":8},"end":{"line":34,"column":9}},{"start":{"line":32,"column":15},"end":{"line":34,"column":9}}],"line":24}},"s":{"0":5,"1":25,"2":25,"3":25,"4":25,"5":25,"6":25,"7":2,"8":2,"9":2,"10":1,"11":1,"12":1,"13":1,"14":1,"15":1,"16":1,"17":2,"18":1,"19":5},"f":{"0":25,"1":2,"2":2,"3":2,"4":1},"b":{"0":[1,1]},"_coverageSchema":"1a1c01bbd47fc00a2c39e90264f33305004495a9","hash":"3b66f769bf51c4e36f40783ce285b9f84e606435"}
}
