TN:
SF:src/Product.js
FN:11,(anonymous_0)
FN:23,(anonymous_1)
FN:25,(anonymous_2)
FN:41,(anonymous_3)
FN:42,(anonymous_4)
FN:43,(anonymous_5)
FN:61,(anonymous_6)
FN:62,(anonymous_7)
FN:66,(anonymous_8)
FN:67,(anonymous_9)
FN:71,(anonymous_10)
FN:75,(anonymous_11)
FN:80,(anonymous_12)
FNF:13
FNH:12
FNDA:13,(anonymous_0)
FNDA:8,(anonymous_1)
FNDA:3,(anonymous_2)
FNDA:2,(anonymous_3)
FNDA:3,(anonymous_4)
FNDA:0,(anonymous_5)
FNDA:1,(anonymous_6)
FNDA:2,(anonymous_7)
FNDA:1,(anonymous_8)
FNDA:2,(anonymous_9)
FNDA:6,(anonymous_10)
FNDA:2,(anonymous_11)
FNDA:2,(anonymous_12)
DA:1,2
DA:8,2
DA:9,13
DA:12,13
DA:13,12
DA:14,12
DA:15,12
DA:16,12
DA:17,12
DA:19,1
DA:24,8
DA:25,3
DA:28,8
DA:29,7
DA:30,7
DA:31,7
DA:33,7
DA:35,7
DA:37,1
DA:42,2
DA:43,3
DA:50,3
DA:54,3
DA:62,2
DA:63,1
DA:67,2
DA:68,1
DA:72,6
DA:76,2
DA:77,1
DA:80,1
DA:81,2
DA:84,1
DA:88,2
LF:34
LH:34
BRDA:12,0,0,12
BRDA:12,0,1,1
BRDA:28,1,0,7
BRDA:28,1,1,1
BRDA:50,2,0,0
BRDA:50,2,1,3
BRDA:76,3,0,1
BRDA:76,3,1,1
BRF:8
BRH:7
end_of_record
TN:
SF:src/ProductReview.js
FN:6,(anonymous_0)
FN:22,(anonymous_1)
FNF:2
FNH:2
FNDA:4,(anonymous_0)
FNDA:1,(anonymous_1)
DA:1,1
DA:4,1
DA:7,4
DA:8,4
DA:9,4
DA:11,4
DA:12,3
DA:13,3
DA:15,1
DA:18,3
DA:19,3
DA:23,1
DA:27,1
LF:13
LH:13
BRDA:11,0,0,3
BRDA:11,0,1,1
BRF:2
BRH:2
end_of_record
TN:
SF:src/Service.js
FN:11,(anonymous_0)
FN:23,(anonymous_1)
FN:25,(anonymous_2)
FN:41,(anonymous_3)
FN:42,(anonymous_4)
FN:43,(anonymous_5)
FN:61,(anonymous_6)
FN:62,(anonymous_7)
FN:66,(anonymous_8)
FN:67,(anonymous_9)
FN:71,(anonymous_10)
FN:75,(anonymous_11)
FN:80,(anonymous_12)
FNF:13
FNH:12
FNDA:13,(anonymous_0)
FNDA:8,(anonymous_1)
FNDA:3,(anonymous_2)
FNDA:2,(anonymous_3)
FNDA:3,(anonymous_4)
FNDA:0,(anonymous_5)
FNDA:1,(anonymous_6)
FNDA:2,(anonymous_7)
FNDA:1,(anonymous_8)
FNDA:2,(anonymous_9)
FNDA:6,(anonymous_10)
FNDA:2,(anonymous_11)
FNDA:2,(anonymous_12)
DA:1,2
DA:8,2
DA:9,13
DA:12,13
DA:13,12
DA:14,12
DA:15,12
DA:16,12
DA:17,12
DA:19,1
DA:24,8
DA:25,3
DA:28,8
DA:29,7
DA:30,7
DA:31,7
DA:33,7
DA:35,7
DA:37,1
DA:42,2
DA:43,3
DA:50,3
DA:54,3
DA:62,2
DA:63,1
DA:67,2
DA:68,1
DA:72,6
DA:76,2
DA:77,1
DA:80,1
DA:81,2
DA:84,1
DA:88,2
LF:34
LH:34
BRDA:12,0,0,12
BRDA:12,0,1,1
BRDA:28,1,0,7
BRDA:28,1,1,1
BRDA:50,2,0,0
BRDA:50,2,1,3
BRDA:76,3,0,1
BRDA:76,3,1,1
BRF:8
BRH:7
end_of_record
TN:
SF:src/ServiceReview.js
FN:6,(anonymous_0)
FN:22,(anonymous_1)
FNF:2
FNH:2
FNDA:4,(anonymous_0)
FNDA:1,(anonymous_1)
DA:1,1
DA:4,1
DA:7,4
DA:8,4
DA:9,4
DA:11,4
DA:12,3
DA:13,3
DA:15,1
DA:18,3
DA:19,3
DA:23,1
DA:27,1
LF:13
LH:13
BRDA:11,0,0,3
BRDA:11,0,1,1
BRF:2
BRH:2
end_of_record
TN:
SF:src/User.js
FN:8,(anonymous_0)
FN:16,(anonymous_1)
FN:18,(anonymous_2)
FN:33,(anonymous_3)
FN:35,(anonymous_4)
FNF:5
FNH:5
FNDA:25,(anonymous_0)
FNDA:2,(anonymous_1)
FNDA:2,(anonymous_2)
FNDA:2,(anonymous_3)
FNDA:1,(anonymous_4)
DA:6,5
DA:9,25
DA:10,25
DA:11,25
DA:12,25
DA:13,25
DA:17,2
DA:18,2
DA:21,2
DA:22,1
DA:23,1
DA:24,1
DA:25,1
DA:27,1
DA:29,1
DA:34,2
DA:35,1
DA:40,5
LF:18
LH:18
BRDA:21,0,0,1
BRDA:21,0,1,1
BRF:2
BRH:2
end_of_record
