TN:
SF:src/Product.js
FN:12,(anonymous_0)
FN:25,(anonymous_1)
FN:27,(anonymous_2)
FN:44,(anonymous_3)
FN:45,(anonymous_4)
FN:46,(anonymous_5)
FN:64,(anonymous_6)
FN:65,(anonymous_7)
FN:69,(anonymous_8)
FN:70,(anonymous_9)
FN:74,(anonymous_10)
FNF:11
FNH:10
FNDA:10,(anonymous_0)
FNDA:8,(anonymous_1)
FNDA:3,(anonymous_2)
FNDA:2,(anonymous_3)
FNDA:3,(anonymous_4)
FNDA:0,(anonymous_5)
FNDA:1,(anonymous_6)
FNDA:2,(anonymous_7)
FNDA:1,(anonymous_8)
FNDA:2,(anonymous_9)
FNDA:2,(anonymous_10)
DA:1,2
DA:8,10
DA:10,2
DA:13,10
DA:14,9
DA:15,9
DA:16,9
DA:17,9
DA:18,9
DA:19,9
DA:21,1
DA:26,8
DA:27,3
DA:30,8
DA:31,7
DA:32,7
DA:33,7
DA:34,7
DA:36,7
DA:38,7
DA:40,1
DA:45,2
DA:46,3
DA:53,3
DA:57,3
DA:65,2
DA:66,1
DA:70,2
DA:71,1
DA:75,2
DA:79,2
LF:31
LH:31
BRDA:13,0,0,9
BRDA:13,0,1,1
BRDA:30,1,0,7
BRDA:30,1,1,1
BRDA:53,2,0,0
BRDA:53,2,1,3
BRF:6
BRH:5
end_of_record
TN:
SF:src/ProductReview.js
FN:6,(anonymous_0)
FNF:1
FNH:1
FNDA:2,(anonymous_0)
DA:1,1
DA:4,1
DA:7,2
DA:8,2
DA:9,2
DA:11,2
DA:12,1
DA:13,1
DA:15,1
DA:18,1
DA:19,1
DA:23,1
LF:12
LH:12
BRDA:11,0,0,1
BRDA:11,0,1,1
BRF:2
BRH:2
end_of_record
TN:
SF:src/Service.js
FN:12,(anonymous_0)
FN:25,(anonymous_1)
FN:27,(anonymous_2)
FN:44,(anonymous_3)
FN:45,(anonymous_4)
FN:46,(anonymous_5)
FN:64,(anonymous_6)
FN:65,(anonymous_7)
FN:69,(anonymous_8)
FN:70,(anonymous_9)
FN:74,(anonymous_10)
FNF:11
FNH:10
FNDA:10,(anonymous_0)
FNDA:8,(anonymous_1)
FNDA:3,(anonymous_2)
FNDA:2,(anonymous_3)
FNDA:3,(anonymous_4)
FNDA:0,(anonymous_5)
FNDA:1,(anonymous_6)
FNDA:2,(anonymous_7)
FNDA:1,(anonymous_8)
FNDA:2,(anonymous_9)
FNDA:2,(anonymous_10)
DA:1,2
DA:9,2
DA:10,10
DA:13,10
DA:14,9
DA:15,9
DA:16,9
DA:17,9
DA:18,9
DA:19,9
DA:21,1
DA:26,8
DA:27,3
DA:30,8
DA:31,7
DA:32,7
DA:33,7
DA:34,7
DA:36,7
DA:38,7
DA:40,1
DA:45,2
DA:46,3
DA:53,3
DA:57,3
DA:65,2
DA:66,1
DA:70,2
DA:71,1
DA:75,2
DA:79,2
LF:31
LH:31
BRDA:13,0,0,9
BRDA:13,0,1,1
BRDA:30,1,0,7
BRDA:30,1,1,1
BRDA:53,2,0,0
BRDA:53,2,1,3
BRF:6
BRH:5
end_of_record
TN:
SF:src/ServiceReview.js
FN:6,(anonymous_0)
FNF:1
FNH:1
FNDA:2,(anonymous_0)
DA:1,1
DA:4,1
DA:7,2
DA:8,2
DA:9,2
DA:11,2
DA:12,1
DA:13,1
DA:15,1
DA:18,1
DA:19,1
DA:23,1
LF:12
LH:12
BRDA:11,0,0,1
BRDA:11,0,1,1
BRF:2
BRH:2
end_of_record
TN:
SF:src/User.js
FN:9,(anonymous_0)
FN:19,(anonymous_1)
FN:21,(anonymous_2)
FN:37,(anonymous_3)
FN:39,(anonymous_4)
FNF:5
FNH:5
FNDA:19,(anonymous_0)
FNDA:2,(anonymous_1)
FNDA:2,(anonymous_2)
FNDA:2,(anonymous_3)
FNDA:1,(anonymous_4)
DA:7,5
DA:10,19
DA:11,19
DA:12,19
DA:13,19
DA:14,19
DA:16,19
DA:20,2
DA:21,2
DA:24,2
DA:25,1
DA:26,1
DA:27,1
DA:28,1
DA:29,1
DA:31,1
DA:33,1
DA:38,2
DA:39,1
DA:44,5
LF:20
LH:20
BRDA:24,0,0,1
BRDA:24,0,1,1
BRF:2
BRH:2
end_of_record
